<?xml version="1.0" encoding="UTF-8"?>
<!-- Generated by org.testng.reporters.JUnitXMLReporter -->
<testsuite ignored="0" hostname="Adarsh" failures="1" tests="17" name="Test" time="227.323" errors="0" timestamp="2022-12-17T21:15:17 IST">
  <testcase classname="com.fb.qa.tastcases.SignUpPageTest" name="signUp" time="1.692"/>
  <testcase classname="com.fb.qa.tastcases.LoginPageTest" name="loginTest" time="10.285"/>
  <testcase classname="com.fb.qa.tastcases.LoginPageTest" name="multipleLoign" time="5.243"/>
  <testcase classname="com.fb.qa.tastcases.LoginPageTest" name="multipleLoign" time="5.246"/>
  <testcase classname="com.fb.qa.tastcases.LoginPageTest" name="switchToCreateAcc" time="0.07"/>
  <testcase classname="com.fb.qa.tastcases.LoginPageTest" name="switchToCreateFbPage" time="3.424"/>
  <testcase classname="com.fb.qa.tastcases.LoginPageTest" name="switchToForgetPass" time="4.988"/>
  <testcase classname="com.fb.qa.tastcases.HomePageTest" name="friendPageTest" time="23.164">
    <failure type="org.openqa.selenium.NoSuchElementException" message="no such element: Unable to locate element: {&amp;quot;method&amp;quot;:&amp;quot;xpath&amp;quot;,&amp;quot;selector&amp;quot;:&amp;quot;//span[text()=&amp;apos;Friends&amp;apos;]&amp;quot;}
  (Session info: chrome=108.0.5359.125)
For documentation on this error, please visit: https://selenium.dev/exceptions/#no_such_element
Build info: version: &amp;apos;4.5.0&amp;apos;, revision: &amp;apos;fe167b119a&amp;apos;
System info: os.name: &amp;apos;Windows 10&amp;apos;, os.arch: &amp;apos;amd64&amp;apos;, os.version: &amp;apos;10.0&amp;apos;, java.version: &amp;apos;19.0.1&amp;apos;
Driver info: org.openqa.selenium.chrome.ChromeDriver
Command: [b4065d0fd2a332c9269de52630b1f908, findElement {using=xpath, value=//span[text()=&amp;apos;Friends&amp;apos;]}]
Capabilities {acceptInsecureCerts: false, browserName: chrome, browserVersion: 108.0.5359.125, chrome: {chromedriverVersion: 107.0.5304.62 (1eec40d3a576..., userDataDir: C:\Users\welcome\AppData\Lo...}, goog:chromeOptions: {debuggerAddress: localhost:59077}, networkConnectionEnabled: false, pageLoadStrategy: normal, platformName: WINDOWS, proxy: Proxy(), se:cdp: ws://localhost:59077/devtoo..., se:cdpVersion: 108.0.5359.125, setWindowRect: true, strictFileInteractability: false, timeouts: {implicit: 0, pageLoad: 300000, script: 30000}, unhandledPromptBehavior: dismiss and notify, webauthn:extension:credBlob: true, webauthn:extension:largeBlob: true, webauthn:virtualAuthenticators: true}
Session ID: b4065d0fd2a332c9269de52630b1f908">
      <![CDATA[org.openqa.selenium.NoSuchElementException: no such element: Unable to locate element: {"method":"xpath","selector":"//span[text()='Friends']"}
  (Session info: chrome=108.0.5359.125)
For documentation on this error, please visit: https://selenium.dev/exceptions/#no_such_element
Build info: version: '4.5.0', revision: 'fe167b119a'
System info: os.name: 'Windows 10', os.arch: 'amd64', os.version: '10.0', java.version: '19.0.1'
Driver info: org.openqa.selenium.chrome.ChromeDriver
Command: [b4065d0fd2a332c9269de52630b1f908, findElement {using=xpath, value=//span[text()='Friends']}]
Capabilities {acceptInsecureCerts: false, browserName: chrome, browserVersion: 108.0.5359.125, chrome: {chromedriverVersion: 107.0.5304.62 (1eec40d3a576..., userDataDir: C:\Users\welcome\AppData\Lo...}, goog:chromeOptions: {debuggerAddress: localhost:59077}, networkConnectionEnabled: false, pageLoadStrategy: normal, platformName: WINDOWS, proxy: Proxy(), se:cdp: ws://localhost:59077/devtoo..., se:cdpVersion: 108.0.5359.125, setWindowRect: true, strictFileInteractability: false, timeouts: {implicit: 0, pageLoad: 300000, script: 30000}, unhandledPromptBehavior: dismiss and notify, webauthn:extension:credBlob: true, webauthn:extension:largeBlob: true, webauthn:virtualAuthenticators: true}
Session ID: b4065d0fd2a332c9269de52630b1f908
at org.openqa.selenium.remote.codec.w3c.W3CHttpResponseCodec.createException(W3CHttpResponseCodec.java:200)
at org.openqa.selenium.remote.codec.w3c.W3CHttpResponseCodec.decode(W3CHttpResponseCodec.java:133)
at org.openqa.selenium.remote.codec.w3c.W3CHttpResponseCodec.decode(W3CHttpResponseCodec.java:53)
at org.openqa.selenium.remote.HttpCommandExecutor.execute(HttpCommandExecutor.java:184)
at org.openqa.selenium.remote.service.DriverCommandExecutor.invokeExecute(DriverCommandExecutor.java:167)
at org.openqa.selenium.remote.service.DriverCommandExecutor.execute(DriverCommandExecutor.java:142)
at org.openqa.selenium.remote.RemoteWebDriver.execute(RemoteWebDriver.java:547)
at org.openqa.selenium.remote.ElementLocation$ElementFinder$2.findElement(ElementLocation.java:162)
at org.openqa.selenium.remote.ElementLocation.findElement(ElementLocation.java:60)
at org.openqa.selenium.remote.RemoteWebDriver.findElement(RemoteWebDriver.java:365)
at org.openqa.selenium.remote.RemoteWebDriver.findElement(RemoteWebDriver.java:357)
at org.openqa.selenium.support.pagefactory.DefaultElementLocator.findElement(DefaultElementLocator.java:70)
at org.openqa.selenium.support.pagefactory.internal.LocatingElementHandler.invoke(LocatingElementHandler.java:39)
at jdk.proxy2/jdk.proxy2.$Proxy19.click(Unknown Source)
at com.fb.qa.pages.HomePage.switchToFriedPage(HomePage.java:17)
at com.fb.qa.tastcases.HomePageTest.friendPageTest(HomePageTest.java:44)
at java.base/java.util.ArrayList.forEach(ArrayList.java:1511)
... Removed 28 stack frames]]>
    </failure>
  </testcase> <!-- friendPageTest -->
  <testcase classname="com.fb.qa.tastcases.CreateFbPageTest" name="forgetAcc" time="4.623"/>
  <testcase classname="com.fb.qa.tastcases.CreateFbPageTest" name="loginFromCreateFbpage" time="6.234"/>
  <testcase classname="com.fb.qa.tastcases.CreateFbPageTest" name="switchSignUpPageFromNavbar" time="1.318"/>
  <testcase classname="com.fb.qa.tastcases.CreateFbPageTest" name="switchToCreateBusiORBrandFBPage" time="4.01"/>
  <testcase classname="com.fb.qa.tastcases.CreateFbPageTest" name="switchToCreateCommuORPFigureFBPage" time="3.772"/>
  <testcase classname="com.fb.qa.tastcases.CreateFbPageTest" name="switchToSignUpPageFromLoginPop" time="1.411"/>
  <testcase classname="com.fb.qa.tastcases.FoegetPasswordTest" name="forgetFbAccount" time="3.144"/>
  <testcase classname="com.fb.qa.tastcases.FoegetPasswordTest" name="forgetPassTest" time="6.167"/>
  <testcase classname="com.fb.qa.tastcases.FoegetPasswordTest" name="login" time="7.194"/>
</testsuite> <!-- Test -->
